<?xml version="1.0" encoding="UTF-8"?>
<testsuite name="org.autotest.RegressionTest54" tests="37" skipped="0" failures="0" errors="0" timestamp="2025-03-30T17:47:04" hostname="gb7" time="0.014">
  <properties/>
  <testcase name="test2701()" classname="org.autotest.RegressionTest54" time="0.001"/>
  <testcase name="test2702()" classname="org.autotest.RegressionTest54" time="0.0"/>
  <testcase name="test2703()" classname="org.autotest.RegressionTest54" time="0.0"/>
  <testcase name="test2704()" classname="org.autotest.RegressionTest54" time="0.0"/>
  <testcase name="test2705()" classname="org.autotest.RegressionTest54" time="0.0"/>
  <testcase name="test2706()" classname="org.autotest.RegressionTest54" time="0.001"/>
  <testcase name="test2707()" classname="org.autotest.RegressionTest54" time="0.0"/>
  <testcase name="test2708()" classname="org.autotest.RegressionTest54" time="0.0"/>
  <testcase name="test2709()" classname="org.autotest.RegressionTest54" time="0.0"/>
  <testcase name="test2710()" classname="org.autotest.RegressionTest54" time="0.0"/>
  <testcase name="test2711()" classname="org.autotest.RegressionTest54" time="0.0"/>
  <testcase name="test2712()" classname="org.autotest.RegressionTest54" time="0.001"/>
  <testcase name="test2713()" classname="org.autotest.RegressionTest54" time="0.0"/>
  <testcase name="test2714()" classname="org.autotest.RegressionTest54" time="0.0"/>
  <testcase name="test2715()" classname="org.autotest.RegressionTest54" time="0.001"/>
  <testcase name="test2716()" classname="org.autotest.RegressionTest54" time="0.001"/>
  <testcase name="test2717()" classname="org.autotest.RegressionTest54" time="0.0"/>
  <testcase name="test2718()" classname="org.autotest.RegressionTest54" time="0.0"/>
  <testcase name="test2719()" classname="org.autotest.RegressionTest54" time="0.0"/>
  <testcase name="test2720()" classname="org.autotest.RegressionTest54" time="0.0"/>
  <testcase name="test2721()" classname="org.autotest.RegressionTest54" time="0.001"/>
  <testcase name="test2722()" classname="org.autotest.RegressionTest54" time="0.0"/>
  <testcase name="test2723()" classname="org.autotest.RegressionTest54" time="0.0"/>
  <testcase name="test2724()" classname="org.autotest.RegressionTest54" time="0.0"/>
  <testcase name="test2725()" classname="org.autotest.RegressionTest54" time="0.0"/>
  <testcase name="test2726()" classname="org.autotest.RegressionTest54" time="0.0"/>
  <testcase name="test2727()" classname="org.autotest.RegressionTest54" time="0.001"/>
  <testcase name="test2728()" classname="org.autotest.RegressionTest54" time="0.0"/>
  <testcase name="test2729()" classname="org.autotest.RegressionTest54" time="0.0"/>
  <testcase name="test2730()" classname="org.autotest.RegressionTest54" time="0.0"/>
  <testcase name="test2731()" classname="org.autotest.RegressionTest54" time="0.001"/>
  <testcase name="test2732()" classname="org.autotest.RegressionTest54" time="0.0"/>
  <testcase name="test2733()" classname="org.autotest.RegressionTest54" time="0.0"/>
  <testcase name="test2734()" classname="org.autotest.RegressionTest54" time="0.001"/>
  <testcase name="test2735()" classname="org.autotest.RegressionTest54" time="0.0"/>
  <testcase name="test2736()" classname="org.autotest.RegressionTest54" time="0.0"/>
  <testcase name="test2737()" classname="org.autotest.RegressionTest54" time="0.0"/>
  <system-out><![CDATA[]]></system-out>
  <system-err><![CDATA[]]></system-err>
</testsuite>
