<?xml version="1.0" encoding="UTF-8"?>
<testsuite name="org.autotest.RegressionTest47" tests="50" skipped="0" failures="0" errors="0" timestamp="2025-03-26T23:08:00" hostname="gb7" time="0.086">
  <properties/>
  <testcase name="test2351()" classname="org.autotest.RegressionTest47" time="0.002"/>
  <testcase name="test2352()" classname="org.autotest.RegressionTest47" time="0.001"/>
  <testcase name="test2353()" classname="org.autotest.RegressionTest47" time="0.001"/>
  <testcase name="test2354()" classname="org.autotest.RegressionTest47" time="0.001"/>
  <testcase name="test2355()" classname="org.autotest.RegressionTest47" time="0.002"/>
  <testcase name="test2356()" classname="org.autotest.RegressionTest47" time="0.001"/>
  <testcase name="test2357()" classname="org.autotest.RegressionTest47" time="0.002"/>
  <testcase name="test2358()" classname="org.autotest.RegressionTest47" time="0.001"/>
  <testcase name="test2359()" classname="org.autotest.RegressionTest47" time="0.002"/>
  <testcase name="test2360()" classname="org.autotest.RegressionTest47" time="0.001"/>
  <testcase name="test2361()" classname="org.autotest.RegressionTest47" time="0.001"/>
  <testcase name="test2362()" classname="org.autotest.RegressionTest47" time="0.001"/>
  <testcase name="test2363()" classname="org.autotest.RegressionTest47" time="0.001"/>
  <testcase name="test2364()" classname="org.autotest.RegressionTest47" time="0.001"/>
  <testcase name="test2365()" classname="org.autotest.RegressionTest47" time="0.002"/>
  <testcase name="test2366()" classname="org.autotest.RegressionTest47" time="0.001"/>
  <testcase name="test2367()" classname="org.autotest.RegressionTest47" time="0.002"/>
  <testcase name="test2368()" classname="org.autotest.RegressionTest47" time="0.001"/>
  <testcase name="test2369()" classname="org.autotest.RegressionTest47" time="0.001"/>
  <testcase name="test2370()" classname="org.autotest.RegressionTest47" time="0.001"/>
  <testcase name="test2371()" classname="org.autotest.RegressionTest47" time="0.001"/>
  <testcase name="test2372()" classname="org.autotest.RegressionTest47" time="0.001"/>
  <testcase name="test2373()" classname="org.autotest.RegressionTest47" time="0.0"/>
  <testcase name="test2374()" classname="org.autotest.RegressionTest47" time="0.001"/>
  <testcase name="test2375()" classname="org.autotest.RegressionTest47" time="0.001"/>
  <testcase name="test2376()" classname="org.autotest.RegressionTest47" time="0.002"/>
  <testcase name="test2377()" classname="org.autotest.RegressionTest47" time="0.002"/>
  <testcase name="test2378()" classname="org.autotest.RegressionTest47" time="0.002"/>
  <testcase name="test2379()" classname="org.autotest.RegressionTest47" time="0.001"/>
  <testcase name="test2380()" classname="org.autotest.RegressionTest47" time="0.001"/>
  <testcase name="test2381()" classname="org.autotest.RegressionTest47" time="0.001"/>
  <testcase name="test2382()" classname="org.autotest.RegressionTest47" time="0.001"/>
  <testcase name="test2383()" classname="org.autotest.RegressionTest47" time="0.001"/>
  <testcase name="test2384()" classname="org.autotest.RegressionTest47" time="0.001"/>
  <testcase name="test2385()" classname="org.autotest.RegressionTest47" time="0.001"/>
  <testcase name="test2386()" classname="org.autotest.RegressionTest47" time="0.002"/>
  <testcase name="test2387()" classname="org.autotest.RegressionTest47" time="0.002"/>
  <testcase name="test2388()" classname="org.autotest.RegressionTest47" time="0.001"/>
  <testcase name="test2389()" classname="org.autotest.RegressionTest47" time="0.002"/>
  <testcase name="test2390()" classname="org.autotest.RegressionTest47" time="0.001"/>
  <testcase name="test2391()" classname="org.autotest.RegressionTest47" time="0.001"/>
  <testcase name="test2392()" classname="org.autotest.RegressionTest47" time="0.002"/>
  <testcase name="test2393()" classname="org.autotest.RegressionTest47" time="0.002"/>
  <testcase name="test2394()" classname="org.autotest.RegressionTest47" time="0.001"/>
  <testcase name="test2395()" classname="org.autotest.RegressionTest47" time="0.001"/>
  <testcase name="test2396()" classname="org.autotest.RegressionTest47" time="0.001"/>
  <testcase name="test2397()" classname="org.autotest.RegressionTest47" time="0.0"/>
  <testcase name="test2398()" classname="org.autotest.RegressionTest47" time="0.0"/>
  <testcase name="test2399()" classname="org.autotest.RegressionTest47" time="0.001"/>
  <testcase name="test2400()" classname="org.autotest.RegressionTest47" time="0.0"/>
  <system-out><![CDATA[]]></system-out>
  <system-err><![CDATA[]]></system-err>
</testsuite>
