<?xml version="1.0" encoding="UTF-8"?>
<testsuite name="org.autotest.ErrorTest6" tests="30" skipped="0" failures="0" errors="0" timestamp="2025-03-26T23:08:00" hostname="gb7" time="0.014">
  <properties/>
  <testcase name="test301()" classname="org.autotest.ErrorTest6" time="0.0"/>
  <testcase name="test302()" classname="org.autotest.ErrorTest6" time="0.0"/>
  <testcase name="test303()" classname="org.autotest.ErrorTest6" time="0.0"/>
  <testcase name="test304()" classname="org.autotest.ErrorTest6" time="0.0"/>
  <testcase name="test305()" classname="org.autotest.ErrorTest6" time="0.0"/>
  <testcase name="test306()" classname="org.autotest.ErrorTest6" time="0.0"/>
  <testcase name="test307()" classname="org.autotest.ErrorTest6" time="0.0"/>
  <testcase name="test308()" classname="org.autotest.ErrorTest6" time="0.0"/>
  <testcase name="test309()" classname="org.autotest.ErrorTest6" time="0.0"/>
  <testcase name="test310()" classname="org.autotest.ErrorTest6" time="0.0"/>
  <testcase name="test311()" classname="org.autotest.ErrorTest6" time="0.001"/>
  <testcase name="test312()" classname="org.autotest.ErrorTest6" time="0.0"/>
  <testcase name="test313()" classname="org.autotest.ErrorTest6" time="0.001"/>
  <testcase name="test314()" classname="org.autotest.ErrorTest6" time="0.001"/>
  <testcase name="test315()" classname="org.autotest.ErrorTest6" time="0.0"/>
  <testcase name="test316()" classname="org.autotest.ErrorTest6" time="0.001"/>
  <testcase name="test317()" classname="org.autotest.ErrorTest6" time="0.001"/>
  <testcase name="test318()" classname="org.autotest.ErrorTest6" time="0.0"/>
  <testcase name="test319()" classname="org.autotest.ErrorTest6" time="0.001"/>
  <testcase name="test320()" classname="org.autotest.ErrorTest6" time="0.0"/>
  <testcase name="test321()" classname="org.autotest.ErrorTest6" time="0.001"/>
  <testcase name="test322()" classname="org.autotest.ErrorTest6" time="0.0"/>
  <testcase name="test323()" classname="org.autotest.ErrorTest6" time="0.001"/>
  <testcase name="test324()" classname="org.autotest.ErrorTest6" time="0.0"/>
  <testcase name="test325()" classname="org.autotest.ErrorTest6" time="0.001"/>
  <testcase name="test326()" classname="org.autotest.ErrorTest6" time="0.0"/>
  <testcase name="test327()" classname="org.autotest.ErrorTest6" time="0.001"/>
  <testcase name="test328()" classname="org.autotest.ErrorTest6" time="0.0"/>
  <testcase name="test329()" classname="org.autotest.ErrorTest6" time="0.001"/>
  <testcase name="test330()" classname="org.autotest.ErrorTest6" time="0.0"/>
  <system-out><![CDATA[]]></system-out>
  <system-err><![CDATA[]]></system-err>
</testsuite>
