<?xml version="1.0" encoding="UTF-8"?>
<testsuite name="inge2.dataflow.TallerTest" tests="7" skipped="0" failures="0" errors="0" timestamp="2025-05-29T01:22:44" hostname="gb7" time="0.655">
  <properties/>
  <testcase name="testTarget1()" classname="inge2.dataflow.TallerTest" time="0.301"/>
  <testcase name="testTarget2()" classname="inge2.dataflow.TallerTest" time="0.072"/>
  <testcase name="testTarget3()" classname="inge2.dataflow.TallerTest" time="0.077"/>
  <testcase name="testTarget4()" classname="inge2.dataflow.TallerTest" time="0.061"/>
  <testcase name="testTarget5()" classname="inge2.dataflow.TallerTest" time="0.066"/>
  <testcase name="testTarget6()" classname="inge2.dataflow.TallerTest" time="0.074"/>
  <testcase name="testUnionPTG()" classname="inge2.dataflow.TallerTest" time="0.001"/>
  <system-out><![CDATA[Soot started on Wed May 28 22:22:44 ART 2025
Soot finished on Wed May 28 22:22:45 ART 2025
Soot has run for 0 min. 0 sec.
Soot started on Wed May 28 22:22:45 ART 2025
Soot finished on Wed May 28 22:22:45 ART 2025
Soot has run for 0 min. 0 sec.
Soot started on Wed May 28 22:22:45 ART 2025
Soot finished on Wed May 28 22:22:45 ART 2025
Soot has run for 0 min. 0 sec.
Soot started on Wed May 28 22:22:45 ART 2025
Soot finished on Wed May 28 22:22:45 ART 2025
Soot has run for 0 min. 0 sec.
Soot started on Wed May 28 22:22:45 ART 2025
Soot finished on Wed May 28 22:22:45 ART 2025
Soot has run for 0 min. 0 sec.
Soot started on Wed May 28 22:22:45 ART 2025
Soot finished on Wed May 28 22:22:45 ART 2025
Soot has run for 0 min. 0 sec.
]]></system-out>
  <system-err><![CDATA[]]></system-err>
</testsuite>
